\BOOKMARK [-1][-]{part.1}{I Project Setup}{}% 1
\BOOKMARK [0][-]{chapter.1}{Dependencies}{part.1}% 2
\BOOKMARK [1][-]{section.1.1}{Maven}{chapter.1}% 3
\BOOKMARK [-1][-]{part.2}{II Server Operations}{}% 4
\BOOKMARK [0][-]{chapter.2}{init\(\)}{part.2}% 5
\BOOKMARK [0][-]{chapter.3}{stop\(\)}{part.2}% 6
\BOOKMARK [-1][-]{part.3}{III Routes}{}% 7
\BOOKMARK [0][-]{chapter.4}{Overview}{part.3}% 8
\BOOKMARK [0][-]{chapter.5}{Named Paramaters}{part.3}% 9
\BOOKMARK [1][-]{section.5.1}{splat\(\)}{chapter.5}% 10
\BOOKMARK [0][-]{chapter.6}{Grouping Routes}{part.3}% 11
\BOOKMARK [-1][-]{part.4}{IV Request}{}% 12
\BOOKMARK [0][-]{chapter.7}{List of Methods}{part.4}% 13
\BOOKMARK [-1][-]{part.5}{V Respond}{}% 14
\BOOKMARK [0][-]{chapter.8}{List of Methods}{part.5}% 15
\BOOKMARK [0][-]{chapter.9}{Querry Maps, Cookies, Sessions, Halting}{part.5}% 16
\BOOKMARK [1][-]{section.9.1}{Query Maps}{chapter.9}% 17
\BOOKMARK [1][-]{section.9.2}{Cookies}{chapter.9}% 18
\BOOKMARK [1][-]{section.9.3}{Sessions}{chapter.9}% 19
\BOOKMARK [1][-]{section.9.4}{Halting}{chapter.9}% 20
\BOOKMARK [0][-]{chapter.10}{Filters}{part.5}% 21
\BOOKMARK [1][-]{section.10.1}{Before}{chapter.10}% 22
\BOOKMARK [1][-]{section.10.2}{After}{chapter.10}% 23
\BOOKMARK [1][-]{section.10.3}{afterAfter}{chapter.10}% 24
\BOOKMARK [1][-]{section.10.4}{Filters Taking Patterns}{chapter.10}% 25
\BOOKMARK [-1][-]{part.6}{VI TBC}{}% 26
