\BOOKMARK [-1][-]{part.1}{I TODO}{}% 1
\BOOKMARK [-1][-]{part.2}{II Preamble Commands}{}% 2
\BOOKMARK [0][-]{section.0.1}{\134documentclassbook, article...}{part.2}% 3
\BOOKMARK [1][-]{section.0.2}{\134usepackage\203}{section.0.1}% 4
\BOOKMARK [1][-]{section.0.3}{\134maketitle}{section.0.1}% 5
\BOOKMARK [-1][-]{part.3}{III Text Formatting}{}% 6
\BOOKMARK [0][-]{chapter.1}{Lists}{part.3}% 7
\BOOKMARK [1][-]{section.1.1}{Bullet}{chapter.1}% 8
\BOOKMARK [1][-]{section.1.2}{Numbered}{chapter.1}% 9
\BOOKMARK [-1][-]{part.4}{IV no-title}{}% 10
\BOOKMARK [0][-]{chapter.2}{Text Layout}{part.4}% 11
\BOOKMARK [1][-]{section.2.1}{Tabulators}{chapter.2}% 12
\BOOKMARK [2][-]{subsection.2.1.1}{tabto}{section.2.1}% 13
\BOOKMARK [1][-]{section.2.2}{paragraph}{chapter.2}% 14
\BOOKMARK [1][-]{section.2.3}{arguments}{chapter.2}% 15
\BOOKMARK [1][-]{section.2.4}{An Empty Space after no-arg Commands}{chapter.2}% 16
\BOOKMARK [1][-]{section.2.5}{Special Characters}{chapter.2}% 17
\BOOKMARK [-1][-]{part.5}{V Environments}{}% 18
\BOOKMARK [0][-]{chapter.3}{Page Layouts}{part.5}% 19
\BOOKMARK [1][-]{section.3.1}{quote}{chapter.3}% 20
