This is pdfTeX, Version 3.14159265-2.6-1.40.19 (MiKTeX 2.9.6840 64-bit) (preloaded format=pdflatex 2018.10.13)  31 OCT 2018 14:22
entering extended mode
**./java_notes.tex
(java_notes.tex
LaTeX2e <2018-04-01> patch level 5
("C:\Program Files\MiKTeX 2.9\tex\latex\base\report.cls"
Document Class: report 2014/09/29 v1.4h Standard LaTeX document class
("C:\Program Files\MiKTeX 2.9\tex\latex\base\size10.clo"
File: size10.clo 2014/09/29 v1.4h Standard LaTeX file (size option)
)
\c@part=\count80
\c@chapter=\count81
\c@section=\count82
\c@subsection=\count83
\c@subsubsection=\count84
\c@paragraph=\count85
\c@subparagraph=\count86
\c@figure=\count87
\c@table=\count88
\abovecaptionskip=\skip41
\belowcaptionskip=\skip42
\bibindent=\dimen102
)
("C:\Program Files\MiKTeX 2.9\tex\latex\base\inputenc.sty"
Package: inputenc 2018/04/06 v1.3b Input encoding file
\inpenc@prehook=\toks14
\inpenc@posthook=\toks15
)
("C:\Program Files\MiKTeX 2.9\tex\latex\graphics\color.sty"
Package: color 2016/07/10 v1.1e Standard LaTeX Color (DPC)

("C:\Program Files\MiKTeX 2.9\tex\latex\graphics-cfg\color.cfg"
File: color.cfg 2016/01/02 v1.6 sample color configuration
)
Package color Info: Driver file: pdftex.def on input line 147.

("C:\Program Files\MiKTeX 2.9\tex\latex\graphics-def\pdftex.def"
File: pdftex.def 2018/01/08 v1.0l Graphics/color driver for pdftex
))
("C:\Program Files\MiKTeX 2.9\tex\latex\hyperref\hyperref.sty"
Package: hyperref 2018/09/30 v6.88a Hypertext links for LaTeX

("C:\Program Files\MiKTeX 2.9\tex\generic\oberdiek\hobsub-hyperref.sty"
Package: hobsub-hyperref 2016/05/16 v1.14 Bundle oberdiek, subset hyperref (HO)


("C:\Program Files\MiKTeX 2.9\tex\generic\oberdiek\hobsub-generic.sty"
Package: hobsub-generic 2016/05/16 v1.14 Bundle oberdiek, subset generic (HO)
Package: hobsub 2016/05/16 v1.14 Construct package bundles (HO)
Package: infwarerr 2016/05/16 v1.4 Providing info/warning/error messages (HO)
Package: ltxcmds 2016/05/16 v1.23 LaTeX kernel commands for general use (HO)
Package: ifluatex 2016/05/16 v1.4 Provides the ifluatex switch (HO)
Package ifluatex Info: LuaTeX not detected.
Package: ifvtex 2016/05/16 v1.6 Detect VTeX and its facilities (HO)
Package ifvtex Info: VTeX not detected.
Package: intcalc 2016/05/16 v1.2 Expandable calculations with integers (HO)
Package: ifpdf 2018/09/07 v3.3 Provides the ifpdf switch
Package: etexcmds 2016/05/16 v1.6 Avoid name clashes with e-TeX commands (HO)
Package etexcmds Info: Could not find \expanded.
(etexcmds)             That can mean that you are not using pdfTeX 1.50 or
(etexcmds)             that some package has redefined \expanded.
(etexcmds)             In the latter case, load this package earlier.
Package: kvsetkeys 2016/05/16 v1.17 Key value parser (HO)
Package: kvdefinekeys 2016/05/16 v1.4 Define keys (HO)
Package: pdftexcmds 2018/09/10 v0.29 Utility functions of pdfTeX for LuaTeX (HO
)
Package pdftexcmds Info: LuaTeX not detected.
Package pdftexcmds Info: \pdf@primitive is available.
Package pdftexcmds Info: \pdf@ifprimitive is available.
Package pdftexcmds Info: \pdfdraftmode found.
Package: pdfescape 2016/05/16 v1.14 Implements pdfTeX's escape features (HO)
Package: bigintcalc 2016/05/16 v1.4 Expandable calculations on big integers (HO
)
Package: bitset 2016/05/16 v1.2 Handle bit-vector datatype (HO)
Package: uniquecounter 2016/05/16 v1.3 Provide unlimited unique counter (HO)
)
Package hobsub Info: Skipping package `hobsub' (already loaded).
Package: letltxmacro 2016/05/16 v1.5 Let assignment for LaTeX macros (HO)
Package: hopatch 2016/05/16 v1.3 Wrapper for package hooks (HO)
Package: xcolor-patch 2016/05/16 xcolor patch
Package: atveryend 2016/05/16 v1.9 Hooks at the very end of document (HO)
Package atveryend Info: \enddocument detected (standard20110627).
Package: atbegshi 2016/06/09 v1.18 At begin shipout hook (HO)
Package: refcount 2016/05/16 v3.5 Data extraction from label references (HO)
Package: hycolor 2016/05/16 v1.8 Color options for hyperref/bookmark (HO)
)
("C:\Program Files\MiKTeX 2.9\tex\latex\graphics\keyval.sty"
Package: keyval 2014/10/28 v1.15 key=value parser (DPC)
\KV@toks@=\toks16
)
("C:\Program Files\MiKTeX 2.9\tex\generic\ifxetex\ifxetex.sty"
Package: ifxetex 2010/09/12 v0.6 Provides ifxetex conditional
)
("C:\Program Files\MiKTeX 2.9\tex\latex\oberdiek\auxhook.sty"
Package: auxhook 2016/05/16 v1.4 Hooks for auxiliary files (HO)
)
("C:\Program Files\MiKTeX 2.9\tex\latex\oberdiek\kvoptions.sty"
Package: kvoptions 2016/05/16 v3.12 Key value format for package options (HO)
)
\@linkdim=\dimen103
\Hy@linkcounter=\count89
\Hy@pagecounter=\count90

("C:\Program Files\MiKTeX 2.9\tex\latex\hyperref\pd1enc.def"
File: pd1enc.def 2018/09/30 v6.88a Hyperref: PDFDocEncoding definition (HO)
Now handling font encoding PD1 ...
... no UTF-8 mapping file for font encoding PD1
)
\Hy@SavedSpaceFactor=\count91

("C:\Program Files\MiKTeX 2.9\tex\latex\00miktex\hyperref.cfg"
File: hyperref.cfg 2002/06/06 v1.2 hyperref configuration of TeXLive
)
Package hyperref Info: Hyper figures OFF on input line 4535.
Package hyperref Info: Link nesting OFF on input line 4540.
Package hyperref Info: Hyper index ON on input line 4543.
Package hyperref Info: Plain pages OFF on input line 4550.
Package hyperref Info: Backreferencing OFF on input line 4555.
Package hyperref Info: Implicit mode ON; LaTeX internals redefined.
Package hyperref Info: Bookmarks ON on input line 4788.
\c@Hy@tempcnt=\count92

(C:\Users\jo\AppData\Roaming\MiKTeX\2.9\tex\latex\url\url.sty
\Urlmuskip=\muskip10
Package: url 2013/09/16  ver 3.4  Verb mode for urls, etc.
)
LaTeX Info: Redefining \url on input line 5141.
\XeTeXLinkMargin=\dimen104
\Fld@menulength=\count93
\Field@Width=\dimen105
\Fld@charsize=\dimen106
Package hyperref Info: Hyper figures OFF on input line 6396.
Package hyperref Info: Link nesting OFF on input line 6401.
Package hyperref Info: Hyper index ON on input line 6404.
Package hyperref Info: backreferencing OFF on input line 6411.
Package hyperref Info: Link coloring OFF on input line 6416.
Package hyperref Info: Link coloring with OCG OFF on input line 6421.
Package hyperref Info: PDF/A mode OFF on input line 6426.
LaTeX Info: Redefining \ref on input line 6466.
LaTeX Info: Redefining \pageref on input line 6470.
\Hy@abspage=\count94
\c@Item=\count95
\c@Hfootnote=\count96
)
Package hyperref Info: Driver (autodetected): hpdftex.

("C:\Program Files\MiKTeX 2.9\tex\latex\hyperref\hpdftex.def"
File: hpdftex.def 2018/09/30 v6.88a Hyperref driver for pdfTeX
\Fld@listcount=\count97
\c@bookmark@seq@number=\count98

("C:\Program Files\MiKTeX 2.9\tex\latex\oberdiek\rerunfilecheck.sty"
Package: rerunfilecheck 2016/05/16 v1.8 Rerun checks for auxiliary files (HO)
Package uniquecounter Info: New unique counter `rerunfilecheck' on input line 2
82.
)
\Hy@SectionHShift=\skip43
)
No file java_notes.aux.
\openout1 = `java_notes.aux'.

LaTeX Font Info:    Checking defaults for OML/cmm/m/it on input line 8.
LaTeX Font Info:    ... okay on input line 8.
LaTeX Font Info:    Checking defaults for T1/cmr/m/n on input line 8.
LaTeX Font Info:    ... okay on input line 8.
LaTeX Font Info:    Checking defaults for OT1/cmr/m/n on input line 8.
LaTeX Font Info:    ... okay on input line 8.
LaTeX Font Info:    Checking defaults for OMS/cmsy/m/n on input line 8.
LaTeX Font Info:    ... okay on input line 8.
LaTeX Font Info:    Checking defaults for OMX/cmex/m/n on input line 8.
LaTeX Font Info:    ... okay on input line 8.
LaTeX Font Info:    Checking defaults for U/cmr/m/n on input line 8.
LaTeX Font Info:    ... okay on input line 8.
LaTeX Font Info:    Checking defaults for PD1/pdf/m/n on input line 8.
LaTeX Font Info:    ... okay on input line 8.
(C:\Users\jo\AppData\Roaming\MiKTeX\2.9\tex\context\base\supp-pdf.mkii
[Loading MPS to PDF converter (version 2006.09.02).]
\scratchcounter=\count99
\scratchdimen=\dimen107
\scratchbox=\box26
\nofMPsegments=\count100
\nofMParguments=\count101
\everyMPshowfont=\toks17
\MPscratchCnt=\count102
\MPscratchDim=\dimen108
\MPnumerator=\count103
\makeMPintoPDFobject=\count104
\everyMPtoPDFconversion=\toks18
)
\AtBeginShipoutBox=\box27
Package hyperref Info: Link coloring OFF on input line 8.
 ("C:\Program Files\MiKTeX 2.9\tex\latex\hyperref\nameref.sty"
Package: nameref 2016/05/21 v2.44 Cross-referencing by name of section

("C:\Program Files\MiKTeX 2.9\tex\generic\oberdiek\gettitlestring.sty"
Package: gettitlestring 2016/05/16 v1.5 Cleanup title references (HO)
)
\c@section@level=\count105
)
LaTeX Info: Redefining \ref on input line 8.
LaTeX Info: Redefining \pageref on input line 8.
LaTeX Info: Redefining \nameref on input line 8.
\@outlinefile=\write3
\openout3 = `java_notes.out'.

\tf@toc=\write4
\openout4 = `java_notes.toc'.


[1


{C:/Users/jo/AppData/Local/MiKTeX/2.9/pdftex/config/pdftex.map}]pdfTeX warning 
(ext4): destination with the same identifier (name{page.}) has been already use
d, duplicate ignored
<to be read again> 
                   \relax 
l.15 \part{Intro}
                  [2

]
Chapter 1.
LaTeX Font Info:    Try loading font information for OMS+cmr on input line 24.
("C:\Program Files\MiKTeX 2.9\tex\latex\base\omscmr.fd"
File: omscmr.fd 2014/09/29 v2.5h Standard LaTeX font definitions
)
LaTeX Font Info:    Font shape `OMS/cmr/m/n' in size <10> not available
(Font)              Font shape `OMS/cmsy/m/n' tried instead on input line 24.
LaTeX Font Info:    External font `cmex10' loaded for size
(Font)              <7> on input line 33.
LaTeX Font Info:    External font `cmex10' loaded for size
(Font)              <5> on input line 33.
 [1

]
Overfull \hbox (7.02843pt too wide) in paragraph at lines 48--50
[]\OT1/cmr/m/n/10 investigate fur-ther ap-pli-ca-tion of 'char-ac-ter-is-tic' p
a-ram-e-ter of Col-lec-tors.of()
 []

[2]
Overfull \hbox (35.86186pt too wide) in paragraph at lines 80--82
[]\OT1/cmr/m/n/10 check sig-na-ture of Ar-rays.parallelSort, Ar-rays.parallelSe
tAll, Ar-rays.parallelPrefix,
 []

[3]
Chapter 2.
[4

] [5

]
Chapter 3.
pdfTeX warning (ext4): destination with the same identifier (name{page.1}) has 
been already used, duplicate ignored
<to be read again> 
                   \relax 
l.129 \chapter
              {Identifiers} [1

]
Chapter 4.

Overfull \hbox (0.8313pt too wide) in paragraph at lines 144--144
[]\OT1/cmr/bx/n/14.4 Informal Single-Letter Lo-cal Vari-ables Nam-
 []

pdfTeX warning (ext4): destination with the same identifier (name{page.2}) has 
been already used, duplicate ignored
<to be read again> 
                   \relax 
l.161 \item A
              local variable is in scope from the point if its declaration t...
[2

]pdfTeX warning (ext4): destination with the same identifier (name{page.3}) has
 been already used, duplicate ignored
<to be read again> 
                   \relax 
l.182 \chapter
              {Modifiers} [3]
Chapter 5.

Overfull \hbox (11.31145pt too wide) in paragraph at lines 195--195
[]\OT1/cmr/bx/n/14.4 Recommendation on How to Use Ac-cess Mod-
 []

pdfTeX warning (ext4): destination with the same identifier (name{page.4}) has 
been already used, duplicate ignored
<to be read again> 
                   \relax 
l.213 	\item n
              ative - to merge C and C++ with java (method declaration witho...
[4

]pdfTeX warning (ext4): destination with the same identifier (name{page.5}) has
 been already used, duplicate ignored
<to be read again> 
                   \relax 
l.222 \chapter
              {Primitive Types} [5]
Chapter 6.

Overfull \hbox (9.22284pt too wide) in paragraph at lines 244--245
[]\OT1/cmr/m/n/10 expressed as dec-i-mals, oc-tals []0..[], hex-decimals []0x..
[], bi-na-ries []0b1001101..[] 
 []


Underfull \hbox (badness 10000) in paragraph at lines 262--264

 []

[6

] [7]
Chapter 7.

Overfull \hbox (0.90417pt too wide) in paragraph at lines 316--335
[] 
 []

[8

] [9] [10] [11]
Chapter 8.
[12

] [13] [14]
Chapter 9.
[15

]
Chapter 10.

Overfull \hbox (1.49698pt too wide) in paragraph at lines 601--601
[]    \OT1/cmtt/m/n/10 break; \\ control flows to the next case when there's no
 break[] 
 []

[16

]
Chapter 11.
[17

]
Chapter 12.
[18

] [19]
Chapter 13.

Overfull \hbox (2.37227pt too wide) in paragraph at lines 706--706
[]\OT1/cmr/bx/n/12 Define no-arg Con-struc-tor when a Con-struc-tor Tak-
 []

[20

]
Overfull \hbox (139.34534pt too wide) in paragraph at lines 726--727
\OT1/cmr/m/n/10 within this par-ent con-struc-tor - ER-ROR! See OOP.Inheritance
.Pitfalls.Constructor[]calls[]an[]overridable[]method. 
 []

[21]
Chapter 14.
[22

]
Chapter 15.
LaTeX Font Info:    Try loading font information for OML+cmr on input line 754.

("C:\Program Files\MiKTeX 2.9\tex\latex\base\omlcmr.fd"
File: omlcmr.fd 2014/09/29 v2.5h Standard LaTeX font definitions
)
LaTeX Font Info:    Font shape `OML/cmr/bx/n' in size <14.4> not available
(Font)              Font shape `OML/cmm/b/it' tried instead on input line 754.
 [23

]
Chapter 16.
[24

]
LaTeX Font Info:    Font shape `OMS/cmr/bx/n' in size <10> not available
(Font)              Font shape `OMS/cmsy/b/n' tried instead on input line 817.
 [25]
Overfull \hbox (11.99689pt too wide) in paragraph at lines 864--864
[]        \OT1/cmtt/m/n/10 // exception message. This constructor allows to ins
tantiate[] 
 []

[26] [27]
Chapter 17.
[28

]
Chapter 18.
[29

]
Chapter 19.
[30

]
Chapter 20.
[31

]
Chapter 21.
[32

] [33]
Chapter 22.
[34

]
Chapter 23.
[35

]
Chapter 24.
[36

] [37

] [38]
Chapter 25.
[39

]
Chapter 26.
[40

]
Chapter 27.

Overfull \hbox (60.48277pt too wide) in paragraph at lines 1099--1099
[]\OT1/cmr/bx/n/14.4 Writing - Ob-jectOut-put-Stream.writeObject(Object
 []


Overfull \hbox (101.24611pt too wide) in paragraph at lines 1104--1104
[]\OT1/cmtt/m/n/10 try(ObjectOutputStream oos = new ObectOutputStream(new FileO
utputStream("file-url))){[] 
 []


Overfull \hbox (45.9745pt too wide) in paragraph at lines 1106--1106
[]\OT1/cmr/bx/n/14.4 Reading - Ob-ject-In-put-Stream.readObject(Object
 []


Overfull \hbox (85.49625pt too wide) in paragraph at lines 1113--1113
[]\OT1/cmtt/m/n/10 try(ObjectInputStream oos = new ObectInputStream(new FileInp
utStream("file-url))){[] 
 []

[41

] [42

]
Chapter 28.
LaTeX Font Info:    Font shape `OML/cmr/bx/n' in size <10> not available
(Font)              Font shape `OML/cmm/b/it' tried instead on input line 1120.

[43

]
Chapter 29.
[44

]
Chapter 30.
[45

]
Chapter 31.
[46

] [47

]
Chapter 32.

Overfull \hbox (94.74641pt too wide) in paragraph at lines 1212--1212
 []\OT1/cmtt/m/n/10 Runnable noArgument = () -> System.out.rintln("this lambda 
takes no argument");[] 
 []

[48

]
Overfull \hbox (89.49646pt too wide) in paragraph at lines 1227--1227
 []\OT1/cmtt/m/n/10 ActionListener oneArgument = event - > System.out.println("
this is an event");[] 
 []

[49] [50]
LaTeX Font Info:    Font shape `OML/cmr/m/n' in size <10> not available
(Font)              Font shape `OML/cmm/m/it' tried instead on input line 1328.



LaTeX Warning: Command \textgreater invalid in math mode on input line 1328.


LaTeX Warning: Command \textgreater invalid in math mode on input line 1328.


LaTeX Warning: Command \textgreater invalid in math mode on input line 1329.


LaTeX Warning: Command \textgreater invalid in math mode on input line 1329.


LaTeX Warning: Command \textgreater invalid in math mode on input line 1330.


LaTeX Warning: Command \textgreater invalid in math mode on input line 1330.


LaTeX Warning: Command \textgreater invalid in math mode on input line 1331.


LaTeX Warning: Command \textgreater invalid in math mode on input line 1331.


LaTeX Warning: Command \textgreater invalid in math mode on input line 1332.


LaTeX Warning: Command \textgreater invalid in math mode on input line 1332.


LaTeX Warning: Command \textgreater invalid in math mode on input line 1333.


LaTeX Warning: Command \textgreater invalid in math mode on input line 1333.

[51] [52] [53] [54

]
Chapter 33.
[55

]
Chapter 34.
[56

]
Chapter 35.

Overfull \hbox (6.3291pt too wide) in paragraph at lines 1449--1450
[][]\OT1/cmr/bx/n/10 BinaryOperator\OML/cmm/b/it/10 <\OT1/cmr/bx/n/10 T, V\OML/
cmm/b/it/10 >\OT1/cmr/bx/n/10 reducer = (acc, item) $\OMS/cmsy/m/n/10 !$ \OT1/c
mr/bx/n/10 func(acc,
 []

[57

]
Overfull \hbox (22.4968pt too wide) in paragraph at lines 1473--1473
[]\OT1/cmtt/m/n/10 .reduce((Person p1, Person p2) -> p1.getAge() > p2.getAge() 
? p1 : p2)[] 
 []


Overfull \hbox (59.24648pt too wide) in paragraph at lines 1481--1481
[]\OT1/cmtt/m/n/10 .reduce(new Person(), (Person p1, Person p2) -> p1.getAge() 
 += p2.getAge());[] 
 []


Overfull \hbox (59.24648pt too wide) in paragraph at lines 1491--1491
[]\OT1/cmtt/m/n/10 .reducent(0, (Person p1, Person p2) -> totalAge = p1.getAge(
)  + p2.getAge(),[] 
 []

[58]
Underfull \hbox (badness 10000) in paragraph at lines 1539--1541

 []

[59]
Overfull \hbox (12.75052pt too wide) in paragraph at lines 1558--1560
\OT1/cmr/m/n/10 We need to in-stan-ti-ate and use an ob-ject of Col-lec-tor in-
ter-face type - see:"Aggregate
 []

[60]
Chapter 36.
[61

]
Chapter 37.
[62

] [63]
Chapter 38.

Overfull \hbox (1.49698pt too wide) in paragraph at lines 1661--1661
[]\OT1/cmtt/m/n/10 strObject.chars()   \\ converts the string into an Integer s
tream.[] 
 []

[64

]
Chapter 39.

Overfull \hbox (38.24666pt too wide) in paragraph at lines 1677--1677
[]         \OT1/cmtt/m/n/10 .toArray(T[]::new);      // converts the stream bac
k to an array[] 
 []

[65

]
Chapter 40.

Underfull \hbox (badness 10000) in paragraph at lines 1684--1687

 []

[66

] [67] [68] [69]
Chapter 41.
[70

] [71

]
Chapter 42.
[72

]
Underfull \hbox (badness 10000) in paragraph at lines 1885--1886

 []

[73]
Chapter 43.
[74

]
Chapter 44.
[75

] [76]
Chapter 45.
[77

]
Chapter 46.

Overfull \hbox (4.3057pt too wide) in paragraph at lines 2087--2087
[]\OT1/cmr/bx/n/12 Sending Ar-rays.asList(array) to Ar-rayList con-struc-
 []


Overfull \hbox (1.49698pt too wide) in paragraph at lines 2090--2090
[]\OT1/cmtt/m/n/10 ArrayList<Element> arrList = new ArrayList<>(Arrays.asList(a
rray))[] 
 []

[78

] [79]
Chapter 47.
[80

] [81] [82

]

Package hyperref Warning: Difference (2) between bookmark levels is greater 
(hyperref)                than one, level fixed on input line 2154.

[83] [84]
Chapter 48.
[85

] [86]
Overfull \hbox (363.74382pt too wide) in paragraph at lines 2308--2308
[]  \OT1/cmtt/m/n/10 //new array holds runnung totals of the sums so far. Hence
, sum of last n-items will be the difference between sum[i] and sum[i - n].[] 
 []


Overfull \hbox (269.24464pt too wide) in paragraph at lines 2308--2308
[]                    \OT1/cmtt/m/n/10 // 0 assigned to prefix initially, as st
art - n equals (n - 1) - n = -1 out of the array boundary[] 
 []

[87] [88

]
Chapter 49.
[89

]
Chapter 50.
[90

] [91] [92

]
Chapter 51.
[93

]
Chapter 52.
[94

] [95

]
Chapter 53.
[96

] [97

]
Chapter 54.
[98

] [99

]
Chapter 55.

Underfull \hbox (badness 10000) in paragraph at lines 2501--2503

 []

[100

] [101] [102] [103]
Chapter 56.
Package atveryend Info: Empty hook `BeforeClearDocument' on input line 2621.
[104

]
Package atveryend Info: Empty hook `AfterLastShipout' on input line 2621.
 (java_notes.aux)
Package atveryend Info: Executing hook `AtVeryEndDocument' on input line 2621.
Package atveryend Info: Executing hook `AtEndAfterFileList' on input line 2621.



Package rerunfilecheck Warning: File `java_notes.out' has changed.
(rerunfilecheck)                Rerun to get outlines right
(rerunfilecheck)                or use package `bookmark'.

Package rerunfilecheck Info: Checksums for `java_notes.out':
(rerunfilecheck)             Before: <no file>
(rerunfilecheck)             After:  9114747F1A99A8F5459AF857AA6FA7C9;17979.
Package atveryend Info: Empty hook `AtVeryVeryEnd' on input line 2621.
 ) 
Here is how much of TeX's memory you used:
 5199 strings out of 492970
 75775 string characters out of 3135863
 162108 words of memory out of 3000000
 8670 multiletter control sequences out of 15000+200000
 8214 words of font info for 29 fonts, out of 3000000 for 9000
 1141 hyphenation exceptions out of 8191
 28i,6n,28p,429b,509s stack positions out of 5000i,500n,10000p,200000b,50000s
<C:/Program Files/MiKTeX 2.9/fonts/type1/public/amsfonts/cm/cmbsy10.pfb><C:/P
rogram Files/MiKTeX 2.9/fonts/type1/public/amsfonts/cm/cmbx10.pfb><C:/Program F
iles/MiKTeX 2.9/fonts/type1/public/amsfonts/cm/cmbx12.pfb><C:/Program Files/MiK
TeX 2.9/fonts/type1/public/amsfonts/cm/cmbxti10.pfb><C:/Program Files/MiKTeX 2.
9/fonts/type1/public/amsfonts/cm/cmmi10.pfb><C:/Program Files/MiKTeX 2.9/fonts/
type1/public/amsfonts/cm/cmmib10.pfb><C:/Program Files/MiKTeX 2.9/fonts/type1/p
ublic/amsfonts/cm/cmr10.pfb><C:/Program Files/MiKTeX 2.9/fonts/type1/public/ams
fonts/cm/cmr7.pfb><C:/Program Files/MiKTeX 2.9/fonts/type1/public/amsfonts/cm/c
msy10.pfb><C:/Program Files/MiKTeX 2.9/fonts/type1/public/amsfonts/cm/cmti10.pf
b><C:/Program Files/MiKTeX 2.9/fonts/type1/public/amsfonts/cm/cmtt10.pfb>
Output written on java_notes.pdf (111 pages, 349517 bytes).
PDF statistics:
 906 PDF objects out of 1000 (max. 8388607)
 407 named destinations out of 1000 (max. 500000)
 1 words of extra memory for PDF output out of 10000 (max. 10000000)

